<?xml version="1.0" encoding="UTF-8"?>
<!-- Generated by org.testng.reporters.JUnitReportReporter -->
<testsuite hostname="Chinha" failures="0" tests="1" name="eComProject.EBay" time="21.903" errors="0" timestamp="2023-07-29T22:43:31 IST" skipped="0">
  <testcase classname="eComProject.EBay" name="f" time="21.903"/>
  <system-out>
    <![CDATA[opening eBay]]>
  </system-out>
</testsuite> <!-- eComProject.EBay -->
